0 info it worked if it ends with ok
1 verbose cli [ '/usr/local/bin/node',
1 verbose cli   '/usr/local/bin/npm',
1 verbose cli   'install',
1 verbose cli   '-g',
1 verbose cli   'html2jade' ]
2 info using npm@1.4.28
3 info using node@v0.10.33
4 verbose cache add [ 'html2jade', null ]
5 verbose cache add name=undefined spec="html2jade" args=["html2jade",null]
6 verbose parsed url { protocol: null,
6 verbose parsed url   slashes: null,
6 verbose parsed url   auth: null,
6 verbose parsed url   host: null,
6 verbose parsed url   port: null,
6 verbose parsed url   hostname: null,
6 verbose parsed url   hash: null,
6 verbose parsed url   search: null,
6 verbose parsed url   query: null,
6 verbose parsed url   pathname: 'html2jade',
6 verbose parsed url   path: 'html2jade',
6 verbose parsed url   href: 'html2jade' }
7 silly lockFile 512a5fdd-html2jade html2jade
8 verbose lock html2jade /home/adminuser/.npm/512a5fdd-html2jade.lock
9 silly lockFile 512a5fdd-html2jade html2jade
10 silly lockFile 512a5fdd-html2jade html2jade
11 verbose addNamed [ 'html2jade', '' ]
12 verbose addNamed [ null, '*' ]
13 silly lockFile a813af54-html2jade html2jade@
14 verbose lock html2jade@ /home/adminuser/.npm/a813af54-html2jade.lock
15 silly addNameRange { name: 'html2jade', range: '*', hasData: false }
16 verbose request where is /html2jade
17 verbose request registry https://registry.npmjs.org/
18 verbose request id 3b03f0a975176d5e
19 verbose url raw /html2jade
20 verbose url resolving [ 'https://registry.npmjs.org/', './html2jade' ]
21 verbose url resolved https://registry.npmjs.org/html2jade
22 verbose request where is https://registry.npmjs.org/html2jade
23 info trying registry request attempt 1 at 13:14:12
24 http GET https://registry.npmjs.org/html2jade
25 http 200 https://registry.npmjs.org/html2jade
26 silly registry.get cb [ 200,
26 silly registry.get   { date: 'Fri, 05 Dec 2014 18:14:12 GMT',
26 silly registry.get     server: 'CouchDB/1.5.0 (Erlang OTP/R14B04)',
26 silly registry.get     etag: '"9TT73L0FUI9CPM3V1X3PJ41KT"',
26 silly registry.get     'content-type': 'application/json',
26 silly registry.get     'cache-control': 'max-age=60',
26 silly registry.get     'content-length': '46126',
26 silly registry.get     'accept-ranges': 'bytes',
26 silly registry.get     via: '1.1 varnish',
26 silly registry.get     age: '0',
26 silly registry.get     'x-served-by': 'cache-jfk1021-JFK',
26 silly registry.get     'x-cache': 'MISS',
26 silly registry.get     'x-cache-hits': '0',
26 silly registry.get     'x-timer': 'S1417803252.471869,VS0,VE15',
26 silly registry.get     vary: 'Accept',
26 silly registry.get     'keep-alive': 'timeout=10, max=50',
26 silly registry.get     connection: 'Keep-Alive' } ]
27 silly addNameRange number 2 { name: 'html2jade', range: '*', hasData: true }
28 silly addNameRange versions [ 'html2jade',
28 silly addNameRange   [ '0.0.2',
28 silly addNameRange     '0.0.3',
28 silly addNameRange     '0.0.4',
28 silly addNameRange     '0.0.5',
28 silly addNameRange     '0.0.6',
28 silly addNameRange     '0.0.7',
28 silly addNameRange     '0.0.8',
28 silly addNameRange     '0.1.0',
28 silly addNameRange     '0.1.1',
28 silly addNameRange     '0.1.2',
28 silly addNameRange     '0.1.3',
28 silly addNameRange     '0.1.4',
28 silly addNameRange     '0.1.15',
28 silly addNameRange     '0.1.16',
28 silly addNameRange     '0.1.17',
28 silly addNameRange     '0.1.18',
28 silly addNameRange     '0.1.19',
28 silly addNameRange     '0.1.20',
28 silly addNameRange     '0.2.0',
28 silly addNameRange     '0.2.1',
28 silly addNameRange     '0.3.0',
28 silly addNameRange     '0.4.0',
28 silly addNameRange     '0.4.1',
28 silly addNameRange     '0.4.2',
28 silly addNameRange     '0.4.3',
28 silly addNameRange     '0.4.4',
28 silly addNameRange     '0.4.5',
28 silly addNameRange     '0.5.0',
28 silly addNameRange     '0.5.1',
28 silly addNameRange     '0.5.2',
28 silly addNameRange     '0.5.3',
28 silly addNameRange     '0.6.0',
28 silly addNameRange     '0.6.1',
28 silly addNameRange     '0.6.2',
28 silly addNameRange     '0.6.3',
28 silly addNameRange     '0.6.4',
28 silly addNameRange     '0.6.5',
28 silly addNameRange     '0.7.0',
28 silly addNameRange     '0.7.1',
28 silly addNameRange     '0.7.5',
28 silly addNameRange     '0.7.6',
28 silly addNameRange     '0.7.7',
28 silly addNameRange     '0.7.8',
28 silly addNameRange     '0.8.0',
28 silly addNameRange     '0.8.1' ] ]
29 verbose addNamed [ 'html2jade', '0.8.1' ]
30 verbose addNamed [ '0.8.1', '0.8.1' ]
31 silly lockFile 364df80a-html2jade-0-8-1 html2jade@0.8.1
32 verbose lock html2jade@0.8.1 /home/adminuser/.npm/364df80a-html2jade-0-8-1.lock
33 silly lockFile 6560b48a-rg-html2jade-html2jade-0-8-1-tgz https://registry.npmjs.org/html2jade/-/html2jade-0.8.1.tgz
34 verbose lock https://registry.npmjs.org/html2jade/-/html2jade-0.8.1.tgz /home/adminuser/.npm/6560b48a-rg-html2jade-html2jade-0-8-1-tgz.lock
35 verbose addRemoteTarball [ 'https://registry.npmjs.org/html2jade/-/html2jade-0.8.1.tgz',
35 verbose addRemoteTarball   '0b93e90f8b3ba2b749a137000396f03b6256a2f0' ]
36 info retry fetch attempt 1 at 13:14:12
37 verbose fetch to= /tmp/npm-3429-xcZqdr8H/registry.npmjs.org/html2jade/-/html2jade-0.8.1.tgz
38 http GET https://registry.npmjs.org/html2jade/-/html2jade-0.8.1.tgz
39 http 200 https://registry.npmjs.org/html2jade/-/html2jade-0.8.1.tgz
40 silly lockFile 6560b48a-rg-html2jade-html2jade-0-8-1-tgz https://registry.npmjs.org/html2jade/-/html2jade-0.8.1.tgz
41 silly lockFile 6560b48a-rg-html2jade-html2jade-0-8-1-tgz https://registry.npmjs.org/html2jade/-/html2jade-0.8.1.tgz
42 silly lockFile 364df80a-html2jade-0-8-1 html2jade@0.8.1
43 silly lockFile 364df80a-html2jade-0-8-1 html2jade@0.8.1
44 silly lockFile a813af54-html2jade html2jade@
45 silly lockFile a813af54-html2jade html2jade@
46 silly resolved [ { name: 'html2jade',
46 silly resolved     description: 'HTML to Jade conversion tool',
46 silly resolved     version: '0.8.1',
46 silly resolved     author: { name: 'Don Park', email: 'donpark@docuverse.com' },
46 silly resolved     repository: { type: 'git', url: 'git://github.com/donpark/html2jade.git' },
46 silly resolved     license: 'BSD',
46 silly resolved     main: './lib/html2jade.js',
46 silly resolved     bin: { html2jade: './cli.js' },
46 silly resolved     scripts: { prepublish: 'coffee -c lib', test: 'mocha' },
46 silly resolved     dependencies: { commander: '*', he: '^0.4.1', 'jsdom-little': '^0.10.5' },
46 silly resolved     devDependencies: { async: '*', mocha: '*', 'coffee-script': '~1.6.3' },
46 silly resolved     engines: { node: '>= 0.4.0' },
46 silly resolved     gitHead: 'a4201d160a970f6f299d1543514b53189d8a84e0',
46 silly resolved     bugs: { url: 'https://github.com/donpark/html2jade/issues' },
46 silly resolved     homepage: 'https://github.com/donpark/html2jade',
46 silly resolved     _id: 'html2jade@0.8.1',
46 silly resolved     _shasum: '0b93e90f8b3ba2b749a137000396f03b6256a2f0',
46 silly resolved     _from: 'html2jade@',
46 silly resolved     _npmVersion: '2.1.6',
46 silly resolved     _nodeVersion: '0.10.33',
46 silly resolved     _npmUser: { name: 'donpark', email: 'donpark@docuverse.com' },
46 silly resolved     maintainers: [ [Object] ],
46 silly resolved     dist:
46 silly resolved      { shasum: '0b93e90f8b3ba2b749a137000396f03b6256a2f0',
46 silly resolved        tarball: 'http://registry.npmjs.org/html2jade/-/html2jade-0.8.1.tgz' },
46 silly resolved     directories: {},
46 silly resolved     _resolved: 'https://registry.npmjs.org/html2jade/-/html2jade-0.8.1.tgz' } ]
47 info install html2jade@0.8.1 into /usr/local/lib
48 info installOne html2jade@0.8.1
49 verbose lib/node_modules/html2jade unbuild
50 verbose tar unpack /home/adminuser/.npm/html2jade/0.8.1/package.tgz
51 silly lockFile a6349c44-local-lib-node-modules-html2jade tar:///usr/local/lib/node_modules/html2jade
52 verbose lock tar:///usr/local/lib/node_modules/html2jade /home/adminuser/.npm/a6349c44-local-lib-node-modules-html2jade.lock
53 silly lockFile 167ecdeb--npm-html2jade-0-8-1-package-tgz tar:///home/adminuser/.npm/html2jade/0.8.1/package.tgz
54 verbose lock tar:///home/adminuser/.npm/html2jade/0.8.1/package.tgz /home/adminuser/.npm/167ecdeb--npm-html2jade-0-8-1-package-tgz.lock
55 silly gunzTarPerm modes [ '755', '644' ]
56 error Error: EACCES, mkdir '/usr/local/lib/node_modules/html2jade'
56 error  { [Error: EACCES, mkdir '/usr/local/lib/node_modules/html2jade']
56 error   errno: 3,
56 error   code: 'EACCES',
56 error   path: '/usr/local/lib/node_modules/html2jade',
56 error   fstream_type: 'Directory',
56 error   fstream_path: '/usr/local/lib/node_modules/html2jade',
56 error   fstream_class: 'DirWriter',
56 error   fstream_stack:
56 error    [ '/usr/local/lib/node_modules/npm/node_modules/fstream/lib/dir-writer.js:36:23',
56 error      '/usr/local/lib/node_modules/npm/node_modules/mkdirp/index.js:46:53',
56 error      'Object.oncomplete (fs.js:107:15)' ] }
57 error Please try running this command again as root/Administrator.
58 error System Linux 3.11.0-26-generic
59 error command "/usr/local/bin/node" "/usr/local/bin/npm" "install" "-g" "html2jade"
60 error cwd /home/adminuser/workspace/MyAppNode
61 error node -v v0.10.33
62 error npm -v 1.4.28
63 error path /usr/local/lib/node_modules/html2jade
64 error fstream_path /usr/local/lib/node_modules/html2jade
65 error fstream_type Directory
66 error fstream_class DirWriter
67 error code EACCES
68 error errno 3
69 error stack Error: EACCES, mkdir '/usr/local/lib/node_modules/html2jade'
70 error fstream_stack /usr/local/lib/node_modules/npm/node_modules/fstream/lib/dir-writer.js:36:23
70 error fstream_stack /usr/local/lib/node_modules/npm/node_modules/mkdirp/index.js:46:53
70 error fstream_stack Object.oncomplete (fs.js:107:15)
71 verbose exit [ 3, true ]
